<?xml version="1.0" encoding="UTF-8"?>
<testsuite name="br.com.diogenes.maxclubcard.dataprovider.card.CardGatewayImplTest" tests="3" skipped="0" failures="0" errors="0" timestamp="2024-07-09T03:28:57" hostname="PPM-JAMF-10280" time="0.109">
  <properties/>
  <testcase name="shouldReturnCardOutWhenGetCardIsCalled()" classname="br.com.diogenes.maxclubcard.dataprovider.card.CardGatewayImplTest" time="0.085"/>
  <testcase name="shouldReturnCardEntityWhenGetCardEntityIsCalled()" classname="br.com.diogenes.maxclubcard.dataprovider.card.CardGatewayImplTest" time="0.008"/>
  <testcase name="shouldCallRegisterCardInRepositoryWhenRegisterCardIsCalled()" classname="br.com.diogenes.maxclubcard.dataprovider.card.CardGatewayImplTest" time="0.015"/>
  <system-out><![CDATA[2024-07-09T00:28:57.555-03:00  INFO 79319 --- [maxclubcard] [    Test worker] b.c.d.m.d.card.CardGatewayImpl           : M=getCard, Start search card by number: 1234
2024-07-09T00:28:57.567-03:00  INFO 79319 --- [maxclubcard] [    Test worker] b.c.d.m.d.card.CardGatewayImpl           : M=getCard, Card found: CardOut[id=1, number=1234, expirationDate=12/23, typeCard=Credit, brandCard=MAXCLUBCARD, document=1234]
2024-07-09T00:28:57.572-03:00  INFO 79319 --- [maxclubcard] [    Test worker] b.c.d.m.d.card.CardGatewayImpl           : M=getCardEntity, Start search card by number: 1234
2024-07-09T00:28:57.576-03:00  INFO 79319 --- [maxclubcard] [    Test worker] b.c.d.m.d.card.CardGatewayImpl           : M=getCardEntity, Card found: CardEntity(id=1, cardNumber=1234, expirationDate=12/23, typeCard=Credit, brandCard=MAXCLUBCARD, client=ClientEntity(id=null, name=null, document=null, birth=null, gender=null, email=null, phoneNumber=null))
2024-07-09T00:28:57.590-03:00  INFO 79319 --- [maxclubcard] [    Test worker] b.c.d.m.d.card.CardGatewayImpl           : M=registerCard, Start register card: Card[cardNumber=1234, expirationDate=12/23, typeCard=Credit, brandCard=MAXCLUBCARD, document=1234]
2024-07-09T00:28:57.591-03:00  INFO 79319 --- [maxclubcard] [    Test worker] b.c.d.m.d.card.CardGatewayImpl           : M=registerCard, Card registered: CardOut[id=1, number=1234, expirationDate=12/23, typeCard=Credit, brandCard=MAXCLUBCARD, document=1234]
]]></system-out>
  <system-err><![CDATA[]]></system-err>
</testsuite>
