<?xml version="1.0" encoding="UTF-8"?>
<testsuite name="br.com.diogenes.maxclubcard.core.usecase.impl.LuckyNumberUseCaseImplTest" tests="1" skipped="0" failures="0" errors="0" timestamp="2024-07-09T03:28:57" hostname="PPM-JAMF-10280" time="0.049">
  <properties/>
  <testcase name="shouldReturnLuckyNumberWhenDrawLuckyNumberIsCalled()" classname="br.com.diogenes.maxclubcard.core.usecase.impl.LuckyNumberUseCaseImplTest" time="0.049"/>
  <system-out><![CDATA[]]></system-out>
  <system-err><![CDATA[]]></system-err>
</testsuite>
