<?xml version="1.0" encoding="UTF-8"?>
<testsuite name="br.com.diogenes.maxclubcard.dataprovider.luckynumber.repository.LuckyNumberRepositoryTest" tests="1" skipped="0" failures="0" errors="0" timestamp="2024-07-09T03:29:00" hostname="PPM-JAMF-10280" time="0.058">
  <properties/>
  <testcase name="testUpdateAllByLuckyNumbers()" classname="br.com.diogenes.maxclubcard.dataprovider.luckynumber.repository.LuckyNumberRepositoryTest" time="0.058"/>
  <system-out><![CDATA[2024-07-09T00:29:00.025-03:00  INFO 79319 --- [maxclubcard] [    Test worker] t.c.s.AnnotationConfigContextLoaderUtils : Could not detect default configuration classes for test class [br.com.diogenes.maxclubcard.dataprovider.luckynumber.repository.LuckyNumberRepositoryTest]: LuckyNumberRepositoryTest does not declare any static, non-private, non-final, nested classes annotated with @Configuration.
2024-07-09T00:29:00.078-03:00  INFO 79319 --- [maxclubcard] [    Test worker] .b.t.c.SpringBootTestContextBootstrapper : Found @SpringBootConfiguration br.com.diogenes.maxclubcard.MaxclubcardApplication for test class br.com.diogenes.maxclubcard.dataprovider.luckynumber.repository.LuckyNumberRepositoryTest
2024-07-09T00:29:00.086-03:00 DEBUG 79319 --- [maxclubcard] [    Test worker] org.hibernate.SQL                        : insert into client (birth,document,email,gender,name,phone_number,id) values (?,?,?,?,?,?,default)
Hibernate: insert into client (birth,document,email,gender,name,phone_number,id) values (?,?,?,?,?,?,default)
2024-07-09T00:29:00.091-03:00 DEBUG 79319 --- [maxclubcard] [    Test worker] org.hibernate.SQL                        : insert into card (brand_card,card_number,id_client,expiration_date,type_card,id) values (?,?,?,?,?,default)
Hibernate: insert into card (brand_card,card_number,id_client,expiration_date,type_card,id) values (?,?,?,?,?,default)
2024-07-09T00:29:00.093-03:00 DEBUG 79319 --- [maxclubcard] [    Test worker] org.hibernate.SQL                        : insert into transaction (id_card,transaction_date,transaction_number,transaction_value,id) values (?,?,?,?,default)
Hibernate: insert into transaction (id_card,transaction_date,transaction_number,transaction_value,id) values (?,?,?,?,default)
2024-07-09T00:29:00.099-03:00 DEBUG 79319 --- [maxclubcard] [    Test worker] org.hibernate.SQL                        : insert into lucky_number (is_valid,lucky_number,id_transaction,id) values (?,?,?,default)
Hibernate: insert into lucky_number (is_valid,lucky_number,id_transaction,id) values (?,?,?,default)
2024-07-09T00:29:00.100-03:00 DEBUG 79319 --- [maxclubcard] [    Test worker] org.hibernate.SQL                        : insert into lucky_number (is_valid,lucky_number,id_transaction,id) values (?,?,?,default)
Hibernate: insert into lucky_number (is_valid,lucky_number,id_transaction,id) values (?,?,?,default)
2024-07-09T00:29:00.113-03:00 DEBUG 79319 --- [maxclubcard] [    Test worker] org.hibernate.SQL                        : update lucky_number lne1_0 set is_valid=? where lne1_0.lucky_number in (?)
Hibernate: update lucky_number lne1_0 set is_valid=? where lne1_0.lucky_number in (?)
2024-07-09T00:29:00.120-03:00 DEBUG 79319 --- [maxclubcard] [    Test worker] org.hibernate.SQL                        : select lne1_0.id,lne1_0.is_valid,lne1_0.lucky_number,lne1_0.id_transaction from lucky_number lne1_0 where lne1_0.is_valid=?
Hibernate: select lne1_0.id,lne1_0.is_valid,lne1_0.lucky_number,lne1_0.id_transaction from lucky_number lne1_0 where lne1_0.is_valid=?
]]></system-out>
  <system-err><![CDATA[]]></system-err>
</testsuite>
