<?xml version="1.0" encoding="UTF-8"?>
<testsuite name="br.com.diogenes.maxclubcard.core.usecase.impl.ClientUseCaseImplTest" tests="1" skipped="0" failures="0" errors="0" timestamp="2024-07-09T03:28:57" hostname="PPM-JAMF-10280" time="0.049">
  <properties/>
  <testcase name="shouldCallRegisterClientInGatewayWhenRegisterClientIsCalled()" classname="br.com.diogenes.maxclubcard.core.usecase.impl.ClientUseCaseImplTest" time="0.049"/>
  <system-out><![CDATA[2024-07-09T00:28:57.365-03:00  INFO 79319 --- [maxclubcard] [    Test worker] b.c.d.m.c.u.impl.ClientUseCaseImpl       : Registering client: John Doe 123456789
]]></system-out>
  <system-err><![CDATA[]]></system-err>
</testsuite>
