<?xml version="1.0" encoding="UTF-8"?>
<testsuite name="br.com.diogenes.maxclubcard.core.usecase.impl.TransactionUseCaseImplTest" tests="2" skipped="0" failures="0" errors="0" timestamp="2024-07-09T03:28:57" hostname="PPM-JAMF-10280" time="0.052">
  <properties/>
  <testcase name="shouldThrowBusinessExceptionWhenCardIsInvalid()" classname="br.com.diogenes.maxclubcard.core.usecase.impl.TransactionUseCaseImplTest" time="0.045"/>
  <testcase name="shouldCallRegisterTransactionInGatewayWhenRegisterTransactionIsCalled()" classname="br.com.diogenes.maxclubcard.core.usecase.impl.TransactionUseCaseImplTest" time="0.005"/>
  <system-out><![CDATA[2024-07-09T00:28:57.469-03:00  INFO 79319 --- [maxclubcard] [    Test worker] b.c.d.m.c.u.impl.TransactionUseCaseImpl  : Registering transaction: 1234 2024-07-09T00:28:57.467746
2024-07-09T00:28:57.469-03:00 ERROR 79319 --- [maxclubcard] [    Test worker] b.c.d.m.c.u.impl.TransactionUseCaseImpl  : Transaction with card is invalid: 12/23
2024-07-09T00:28:57.475-03:00  INFO 79319 --- [maxclubcard] [    Test worker] b.c.d.m.c.u.impl.TransactionUseCaseImpl  : Registering transaction: 1234 2024-07-09T00:28:57.474983
]]></system-out>
  <system-err><![CDATA[]]></system-err>
</testsuite>
