<?xml version="1.0" encoding="UTF-8"?>
<testsuite name="br.com.diogenes.maxclubcard.entrypoint.api.v1.transaction.impl.TransactionControllerImplIntegrationTest" tests="1" skipped="0" failures="0" errors="0" timestamp="2024-07-09T03:29:04" hostname="PPM-JAMF-10280" time="0.025">
  <properties/>
  <testcase name="testGenerateLuckyNumber()" classname="br.com.diogenes.maxclubcard.entrypoint.api.v1.transaction.impl.TransactionControllerImplIntegrationTest" time="0.025"/>
  <system-out><![CDATA[2024-07-09T00:29:03.002-03:00  INFO 79319 --- [maxclubcard] [    Test worker] t.c.s.AnnotationConfigContextLoaderUtils : Could not detect default configuration classes for test class [br.com.diogenes.maxclubcard.entrypoint.api.v1.transaction.impl.TransactionControllerImplIntegrationTest]: TransactionControllerImplIntegrationTest does not declare any static, non-private, non-final, nested classes annotated with @Configuration.
2024-07-09T00:29:03.070-03:00  INFO 79319 --- [maxclubcard] [    Test worker] .b.t.c.SpringBootTestContextBootstrapper : Found @SpringBootConfiguration br.com.diogenes.maxclubcard.MaxclubcardApplication for test class br.com.diogenes.maxclubcard.entrypoint.api.v1.transaction.impl.TransactionControllerImplIntegrationTest

  .   ____          _            __ _ _
 /\\ / ___'_ __ _ _(_)_ __  __ _ \ \ \ \
( ( )\___ | '_ | '_| | '_ \/ _` | \ \ \ \
 \\/  ___)| |_)| | | | | || (_| |  ) ) ) )
  '  |____| .__|_| |_|_| |_\__, | / / / /
 =========|_|==============|___/=/_/_/_/

 :: Spring Boot ::                (v3.3.1)

2024-07-09T00:29:03.095-03:00  INFO 79319 --- [maxclubcard] [    Test worker] TransactionControllerImplIntegrationTest : Starting TransactionControllerImplIntegrationTest using Java 21.0.3 with PID 79319 (started by diogenesrabelo in /Users/diogenesrabelo/Documents/maxclub/maxclubcard)
2024-07-09T00:29:03.096-03:00  INFO 79319 --- [maxclubcard] [    Test worker] TransactionControllerImplIntegrationTest : No active profile set, falling back to 1 default profile: "default"
2024-07-09T00:29:03.353-03:00  INFO 79319 --- [maxclubcard] [    Test worker] .s.d.r.c.RepositoryConfigurationDelegate : Bootstrapping Spring Data JPA repositories in DEFAULT mode.
2024-07-09T00:29:03.408-03:00  INFO 79319 --- [maxclubcard] [    Test worker] .s.d.r.c.RepositoryConfigurationDelegate : Finished Spring Data repository scanning in 54 ms. Found 4 JPA repository interfaces.
2024-07-09T00:29:03.550-03:00  INFO 79319 --- [maxclubcard] [    Test worker] o.hibernate.jpa.internal.util.LogHelper  : HHH000204: Processing PersistenceUnitInfo [name: default]
2024-07-09T00:29:03.553-03:00  INFO 79319 --- [maxclubcard] [    Test worker] o.h.c.internal.RegionFactoryInitiator    : HHH000026: Second-level cache disabled
2024-07-09T00:29:03.560-03:00  INFO 79319 --- [maxclubcard] [    Test worker] o.s.o.j.p.SpringPersistenceUnitInfo      : No LoadTimeWeaver setup: ignoring JPA class transformer
2024-07-09T00:29:03.561-03:00  INFO 79319 --- [maxclubcard] [    Test worker] com.zaxxer.hikari.HikariDataSource       : HikariPool-4 - Starting...
2024-07-09T00:29:03.562-03:00  INFO 79319 --- [maxclubcard] [    Test worker] com.zaxxer.hikari.pool.HikariPool        : HikariPool-4 - Added connection conn36: url=jdbc:h2:mem:maxclubcard user=SA
2024-07-09T00:29:03.563-03:00  INFO 79319 --- [maxclubcard] [    Test worker] com.zaxxer.hikari.HikariDataSource       : HikariPool-4 - Start completed.
2024-07-09T00:29:03.563-03:00  WARN 79319 --- [maxclubcard] [    Test worker] org.hibernate.orm.deprecation            : HHH90000025: H2Dialect does not need to be specified explicitly using 'hibernate.dialect' (remove the property setting and it will be selected by default)
2024-07-09T00:29:03.634-03:00  INFO 79319 --- [maxclubcard] [    Test worker] o.h.e.t.j.p.i.JtaPlatformInitiator       : HHH000489: No JTA platform available (set 'hibernate.transaction.jta.platform' to enable JTA platform integration)
2024-07-09T00:29:03.638-03:00  INFO 79319 --- [maxclubcard] [    Test worker] j.LocalContainerEntityManagerFactoryBean : Initialized JPA EntityManagerFactory for persistence unit 'default'
2024-07-09T00:29:03.826-03:00  WARN 79319 --- [maxclubcard] [    Test worker] JpaBaseConfiguration$JpaWebConfiguration : spring.jpa.open-in-view is enabled by default. Therefore, database queries may be performed during view rendering. Explicitly configure spring.jpa.open-in-view to disable this warning
2024-07-09T00:29:03.998-03:00  INFO 79319 --- [maxclubcard] [    Test worker] o.s.b.t.m.w.SpringBootMockServletContext : Initializing Spring TestDispatcherServlet ''
2024-07-09T00:29:03.998-03:00  INFO 79319 --- [maxclubcard] [    Test worker] o.s.t.web.servlet.TestDispatcherServlet  : Initializing Servlet ''
2024-07-09T00:29:03.999-03:00  INFO 79319 --- [maxclubcard] [    Test worker] o.s.t.web.servlet.TestDispatcherServlet  : Completed initialization in 1 ms
2024-07-09T00:29:04.020-03:00  INFO 79319 --- [maxclubcard] [    Test worker] TransactionControllerImplIntegrationTest : Started TransactionControllerImplIntegrationTest in 0.946 seconds (process running for 11.972)
]]></system-out>
  <system-err><![CDATA[]]></system-err>
</testsuite>
