<?xml version="1.0" encoding="UTF-8"?>
<testsuite name="br.com.diogenes.maxclubcard.dataprovider.luckynumber.repository.LuckyNumberRepositoryTest" tests="1" skipped="0" failures="0" errors="0" timestamp="2024-07-09T03:15:06" hostname="PPM-JAMF-10280" time="0.765">
  <properties/>
  <testcase name="testUpdateAllByLuckyNumbers()" classname="br.com.diogenes.maxclubcard.dataprovider.luckynumber.repository.LuckyNumberRepositoryTest" time="0.765"/>
  <system-out><![CDATA[00:15:02.257 [Test worker] INFO org.springframework.test.context.support.AnnotationConfigContextLoaderUtils -- Could not detect default configuration classes for test class [br.com.diogenes.maxclubcard.dataprovider.luckynumber.repository.LuckyNumberRepositoryTest]: LuckyNumberRepositoryTest does not declare any static, non-private, non-final, nested classes annotated with @Configuration.
00:15:02.406 [Test worker] INFO org.springframework.boot.test.context.SpringBootTestContextBootstrapper -- Found @SpringBootConfiguration br.com.diogenes.maxclubcard.MaxclubcardApplication for test class br.com.diogenes.maxclubcard.dataprovider.luckynumber.repository.LuckyNumberRepositoryTest

  .   ____          _            __ _ _
 /\\ / ___'_ __ _ _(_)_ __  __ _ \ \ \ \
( ( )\___ | '_ | '_| | '_ \/ _` | \ \ \ \
 \\/  ___)| |_)| | | | | || (_| |  ) ) ) )
  '  |____| .__|_| |_|_| |_\__, | / / / /
 =========|_|==============|___/=/_/_/_/

 :: Spring Boot ::                (v3.3.1)

2024-07-09T00:15:02.818-03:00  INFO 78658 --- [maxclubcard] [    Test worker] b.c.d.m.d.l.r.LuckyNumberRepositoryTest  : Starting LuckyNumberRepositoryTest using Java 21.0.3 with PID 78658 (started by diogenesrabelo in /Users/diogenesrabelo/Documents/maxclub/maxclubcard)
2024-07-09T00:15:02.820-03:00  INFO 78658 --- [maxclubcard] [    Test worker] b.c.d.m.d.l.r.LuckyNumberRepositoryTest  : No active profile set, falling back to 1 default profile: "default"
2024-07-09T00:15:03.299-03:00  INFO 78658 --- [maxclubcard] [    Test worker] .s.d.r.c.RepositoryConfigurationDelegate : Bootstrapping Spring Data JPA repositories in DEFAULT mode.
2024-07-09T00:15:03.411-03:00  INFO 78658 --- [maxclubcard] [    Test worker] .s.d.r.c.RepositoryConfigurationDelegate : Finished Spring Data repository scanning in 104 ms. Found 4 JPA repository interfaces.
2024-07-09T00:15:03.468-03:00  INFO 78658 --- [maxclubcard] [    Test worker] beddedDataSourceBeanFactoryPostProcessor : Replacing 'dataSource' DataSource bean with embedded version
2024-07-09T00:15:03.622-03:00  INFO 78658 --- [maxclubcard] [    Test worker] o.s.j.d.e.EmbeddedDatabaseFactory        : Starting embedded database: url='jdbc:h2:mem:a2637b7b-a1cc-42e7-a2cb-6fc19d31c561;DB_CLOSE_DELAY=-1;DB_CLOSE_ON_EXIT=false', username='sa'
2024-07-09T00:15:03.947-03:00  INFO 78658 --- [maxclubcard] [    Test worker] o.hibernate.jpa.internal.util.LogHelper  : HHH000204: Processing PersistenceUnitInfo [name: default]
2024-07-09T00:15:03.995-03:00  INFO 78658 --- [maxclubcard] [    Test worker] org.hibernate.Version                    : HHH000412: Hibernate ORM core version 6.5.2.Final
2024-07-09T00:15:04.022-03:00  INFO 78658 --- [maxclubcard] [    Test worker] o.h.c.internal.RegionFactoryInitiator    : HHH000026: Second-level cache disabled
2024-07-09T00:15:04.303-03:00  INFO 78658 --- [maxclubcard] [    Test worker] o.s.o.j.p.SpringPersistenceUnitInfo      : No LoadTimeWeaver setup: ignoring JPA class transformer
2024-07-09T00:15:04.348-03:00  WARN 78658 --- [maxclubcard] [    Test worker] org.hibernate.orm.deprecation            : HHH90000025: H2Dialect does not need to be specified explicitly using 'hibernate.dialect' (remove the property setting and it will be selected by default)
2024-07-09T00:15:05.472-03:00  INFO 78658 --- [maxclubcard] [    Test worker] o.h.e.t.j.p.i.JtaPlatformInitiator       : HHH000489: No JTA platform available (set 'hibernate.transaction.jta.platform' to enable JTA platform integration)
2024-07-09T00:15:05.532-03:00 DEBUG 78658 --- [maxclubcard] [    Test worker] org.hibernate.SQL                        : create table card (id bigint generated by default as identity, brand_card varchar(50) not null, card_number varchar(20) not null, expiration_date varchar(5) not null, type_card varchar(50) not null, id_client bigint not null, primary key (id))
Hibernate: create table card (id bigint generated by default as identity, brand_card varchar(50) not null, card_number varchar(20) not null, expiration_date varchar(5) not null, type_card varchar(50) not null, id_client bigint not null, primary key (id))
2024-07-09T00:15:05.539-03:00 DEBUG 78658 --- [maxclubcard] [    Test worker] org.hibernate.SQL                        : create table client (id bigint generated by default as identity, birth date not null, document varchar(20) not null, email varchar(100) not null, gender varchar(10) not null, name varchar(100) not null, phone_number varchar(20) not null, primary key (id))
Hibernate: create table client (id bigint generated by default as identity, birth date not null, document varchar(20) not null, email varchar(100) not null, gender varchar(10) not null, name varchar(100) not null, phone_number varchar(20) not null, primary key (id))
2024-07-09T00:15:05.541-03:00 DEBUG 78658 --- [maxclubcard] [    Test worker] org.hibernate.SQL                        : create table lucky_number (id bigint generated by default as identity, is_valid boolean default true not null, lucky_number varchar(36) not null, id_transaction bigint not null, primary key (id))
Hibernate: create table lucky_number (id bigint generated by default as identity, is_valid boolean default true not null, lucky_number varchar(36) not null, id_transaction bigint not null, primary key (id))
2024-07-09T00:15:05.542-03:00 DEBUG 78658 --- [maxclubcard] [    Test worker] org.hibernate.SQL                        : create table transaction (id bigint generated by default as identity, transaction_date timestamp(6) not null, transaction_number varchar(50) not null, transaction_value numeric(19,4) not null, id_card bigint not null, primary key (id))
Hibernate: create table transaction (id bigint generated by default as identity, transaction_date timestamp(6) not null, transaction_number varchar(50) not null, transaction_value numeric(19,4) not null, id_card bigint not null, primary key (id))
2024-07-09T00:15:05.544-03:00 DEBUG 78658 --- [maxclubcard] [    Test worker] org.hibernate.SQL                        : alter table if exists card drop constraint if exists UKby1nk98m2hq5onhl68bo09sc1
Hibernate: alter table if exists card drop constraint if exists UKby1nk98m2hq5onhl68bo09sc1
2024-07-09T00:15:05.545-03:00 DEBUG 78658 --- [maxclubcard] [    Test worker] org.hibernate.SQL                        : alter table if exists card add constraint UKby1nk98m2hq5onhl68bo09sc1 unique (card_number)
Hibernate: alter table if exists card add constraint UKby1nk98m2hq5onhl68bo09sc1 unique (card_number)
2024-07-09T00:15:05.547-03:00 DEBUG 78658 --- [maxclubcard] [    Test worker] org.hibernate.SQL                        : alter table if exists client drop constraint if exists UK90ans9v7nohqmaorc4wg4tmvv
Hibernate: alter table if exists client drop constraint if exists UK90ans9v7nohqmaorc4wg4tmvv
2024-07-09T00:15:05.548-03:00 DEBUG 78658 --- [maxclubcard] [    Test worker] org.hibernate.SQL                        : alter table if exists client add constraint UK90ans9v7nohqmaorc4wg4tmvv unique (document)
Hibernate: alter table if exists client add constraint UK90ans9v7nohqmaorc4wg4tmvv unique (document)
2024-07-09T00:15:05.548-03:00 DEBUG 78658 --- [maxclubcard] [    Test worker] org.hibernate.SQL                        : alter table if exists lucky_number drop constraint if exists UKau8mckqx7f7ugmupsq7wegq5i
Hibernate: alter table if exists lucky_number drop constraint if exists UKau8mckqx7f7ugmupsq7wegq5i
2024-07-09T00:15:05.549-03:00 DEBUG 78658 --- [maxclubcard] [    Test worker] org.hibernate.SQL                        : alter table if exists lucky_number add constraint UKau8mckqx7f7ugmupsq7wegq5i unique (lucky_number)
Hibernate: alter table if exists lucky_number add constraint UKau8mckqx7f7ugmupsq7wegq5i unique (lucky_number)
2024-07-09T00:15:05.550-03:00 DEBUG 78658 --- [maxclubcard] [    Test worker] org.hibernate.SQL                        : alter table if exists card add constraint FKeft3x99s70wdfpy52nc19j134 foreign key (id_client) references client
Hibernate: alter table if exists card add constraint FKeft3x99s70wdfpy52nc19j134 foreign key (id_client) references client
2024-07-09T00:15:05.555-03:00 DEBUG 78658 --- [maxclubcard] [    Test worker] org.hibernate.SQL                        : alter table if exists lucky_number add constraint FKol5xendjnbc5cyc76chhe5bt0 foreign key (id_transaction) references transaction
Hibernate: alter table if exists lucky_number add constraint FKol5xendjnbc5cyc76chhe5bt0 foreign key (id_transaction) references transaction
2024-07-09T00:15:05.557-03:00 DEBUG 78658 --- [maxclubcard] [    Test worker] org.hibernate.SQL                        : alter table if exists transaction add constraint FKr0sq2j560yg77lg4pgkp98ld3 foreign key (id_card) references card
Hibernate: alter table if exists transaction add constraint FKr0sq2j560yg77lg4pgkp98ld3 foreign key (id_card) references card
2024-07-09T00:15:05.560-03:00  INFO 78658 --- [maxclubcard] [    Test worker] j.LocalContainerEntityManagerFactoryBean : Initialized JPA EntityManagerFactory for persistence unit 'default'
2024-07-09T00:15:05.877-03:00  INFO 78658 --- [maxclubcard] [    Test worker] o.s.d.j.r.query.QueryEnhancerFactory     : Hibernate is in classpath; If applicable, HQL parser will be used.
2024-07-09T00:15:06.228-03:00  INFO 78658 --- [maxclubcard] [    Test worker] b.c.d.m.d.l.r.LuckyNumberRepositoryTest  : Started LuckyNumberRepositoryTest in 3.742 seconds (process running for 4.863)
2024-07-09T00:15:06.812-03:00 DEBUG 78658 --- [maxclubcard] [    Test worker] org.hibernate.SQL                        : select ce1_0.id,ce1_0.birth,ce1_0.document,ce1_0.email,ce1_0.gender,ce1_0.name,ce1_0.phone_number from client ce1_0 where ce1_0.id=?
Hibernate: select ce1_0.id,ce1_0.birth,ce1_0.document,ce1_0.email,ce1_0.gender,ce1_0.name,ce1_0.phone_number from client ce1_0 where ce1_0.id=?
2024-07-09T00:15:06.838-03:00 DEBUG 78658 --- [maxclubcard] [    Test worker] org.hibernate.SQL                        : insert into client (birth,document,email,gender,name,phone_number,id) values (?,?,?,?,?,?,default)
Hibernate: insert into client (birth,document,email,gender,name,phone_number,id) values (?,?,?,?,?,?,default)
2024-07-09T00:15:06.856-03:00 DEBUG 78658 --- [maxclubcard] [    Test worker] org.hibernate.SQL                        : select ce1_0.id,ce1_0.brand_card,ce1_0.card_number,ce1_0.id_client,c1_0.id,c1_0.birth,c1_0.document,c1_0.email,c1_0.gender,c1_0.name,c1_0.phone_number,ce1_0.expiration_date,ce1_0.type_card from card ce1_0 join client c1_0 on c1_0.id=ce1_0.id_client where ce1_0.id=?
Hibernate: select ce1_0.id,ce1_0.brand_card,ce1_0.card_number,ce1_0.id_client,c1_0.id,c1_0.birth,c1_0.document,c1_0.email,c1_0.gender,c1_0.name,c1_0.phone_number,ce1_0.expiration_date,ce1_0.type_card from card ce1_0 join client c1_0 on c1_0.id=ce1_0.id_client where ce1_0.id=?
2024-07-09T00:15:06.859-03:00 DEBUG 78658 --- [maxclubcard] [    Test worker] org.hibernate.SQL                        : insert into card (brand_card,card_number,id_client,expiration_date,type_card,id) values (?,?,?,?,?,default)
Hibernate: insert into card (brand_card,card_number,id_client,expiration_date,type_card,id) values (?,?,?,?,?,default)
2024-07-09T00:15:06.862-03:00 DEBUG 78658 --- [maxclubcard] [    Test worker] org.hibernate.SQL                        : select te1_0.id,te1_0.id_card,c1_0.id,c1_0.brand_card,c1_0.card_number,c1_0.id_client,c2_0.id,c2_0.birth,c2_0.document,c2_0.email,c2_0.gender,c2_0.name,c2_0.phone_number,c1_0.expiration_date,c1_0.type_card,te1_0.transaction_date,te1_0.transaction_number,te1_0.transaction_value from transaction te1_0 join card c1_0 on c1_0.id=te1_0.id_card left join client c2_0 on c2_0.id=c1_0.id_client where te1_0.id=?
Hibernate: select te1_0.id,te1_0.id_card,c1_0.id,c1_0.brand_card,c1_0.card_number,c1_0.id_client,c2_0.id,c2_0.birth,c2_0.document,c2_0.email,c2_0.gender,c2_0.name,c2_0.phone_number,c1_0.expiration_date,c1_0.type_card,te1_0.transaction_date,te1_0.transaction_number,te1_0.transaction_value from transaction te1_0 join card c1_0 on c1_0.id=te1_0.id_card left join client c2_0 on c2_0.id=c1_0.id_client where te1_0.id=?
2024-07-09T00:15:06.863-03:00 DEBUG 78658 --- [maxclubcard] [    Test worker] org.hibernate.SQL                        : insert into transaction (id_card,transaction_date,transaction_number,transaction_value,id) values (?,?,?,?,default)
Hibernate: insert into transaction (id_card,transaction_date,transaction_number,transaction_value,id) values (?,?,?,?,default)
2024-07-09T00:15:06.868-03:00 DEBUG 78658 --- [maxclubcard] [    Test worker] org.hibernate.SQL                        : insert into lucky_number (is_valid,lucky_number,id_transaction,id) values (?,?,?,default)
Hibernate: insert into lucky_number (is_valid,lucky_number,id_transaction,id) values (?,?,?,default)
2024-07-09T00:15:06.870-03:00 DEBUG 78658 --- [maxclubcard] [    Test worker] org.hibernate.SQL                        : insert into lucky_number (is_valid,lucky_number,id_transaction,id) values (?,?,?,default)
Hibernate: insert into lucky_number (is_valid,lucky_number,id_transaction,id) values (?,?,?,default)
2024-07-09T00:15:06.915-03:00 DEBUG 78658 --- [maxclubcard] [    Test worker] org.hibernate.SQL                        : update lucky_number lne1_0 set is_valid=? where lne1_0.lucky_number in (?)
Hibernate: update lucky_number lne1_0 set is_valid=? where lne1_0.lucky_number in (?)
2024-07-09T00:15:06.942-03:00 DEBUG 78658 --- [maxclubcard] [    Test worker] org.hibernate.SQL                        : select lne1_0.id,lne1_0.is_valid,lne1_0.lucky_number,lne1_0.id_transaction from lucky_number lne1_0 where lne1_0.is_valid=?
Hibernate: select lne1_0.id,lne1_0.is_valid,lne1_0.lucky_number,lne1_0.id_transaction from lucky_number lne1_0 where lne1_0.is_valid=?
]]></system-out>
  <system-err><![CDATA[WARNING: A Java agent has been loaded dynamically (/Users/diogenesrabelo/.gradle/caches/modules-2/files-2.1/net.bytebuddy/byte-buddy-agent/1.14.17/e3c251a39dc90badaf71c83427ba46840f219d8d/byte-buddy-agent-1.14.17.jar)
WARNING: If a serviceability tool is in use, please run with -XX:+EnableDynamicAgentLoading to hide this warning
WARNING: If a serviceability tool is not in use, please run with -Djdk.instrument.traceUsage for more information
WARNING: Dynamic loading of agents will be disallowed by default in a future release
]]></system-err>
</testsuite>
