<?xml version="1.0" encoding="UTF-8"?>
<testsuite name="br.com.diogenes.maxclubcard.entrypoint.cronjob.impl.DrawWeeklyImplTest" tests="1" skipped="0" failures="0" errors="0" timestamp="2024-07-08T22:20:10" hostname="PPM-JAMF-10280" time="1.395">
  <properties/>
  <testcase name="shouldCallSendInProducerServiceWhenExecuteTaskIsCalled()" classname="br.com.diogenes.maxclubcard.entrypoint.cronjob.impl.DrawWeeklyImplTest" time="1.395"/>
  <system-out><![CDATA[]]></system-out>
  <system-err><![CDATA[WARNING: A Java agent has been loaded dynamically (/Users/diogenesrabelo/.gradle/caches/modules-2/files-2.1/net.bytebuddy/byte-buddy-agent/1.14.17/e3c251a39dc90badaf71c83427ba46840f219d8d/byte-buddy-agent-1.14.17.jar)
WARNING: If a serviceability tool is in use, please run with -XX:+EnableDynamicAgentLoading to hide this warning
WARNING: If a serviceability tool is not in use, please run with -Djdk.instrument.traceUsage for more information
WARNING: Dynamic loading of agents will be disallowed by default in a future release
]]></system-err>
</testsuite>
