<?xml version="1.0" encoding="UTF-8"?>
<testsuite name="br.com.diogenes.maxclubcard.entrypoint.api.v1.card.impl.CardControllerImplIntegrationTest" tests="1" skipped="0" failures="0" errors="0" timestamp="2024-07-09T03:29:01" hostname="PPM-JAMF-10280" time="0.21">
  <properties/>
  <testcase name="testRegisterCard()" classname="br.com.diogenes.maxclubcard.entrypoint.api.v1.card.impl.CardControllerImplIntegrationTest" time="0.21"/>
  <system-out><![CDATA[2024-07-09T00:29:00.261-03:00  INFO 79319 --- [maxclubcard] [    Test worker] t.c.s.AnnotationConfigContextLoaderUtils : Could not detect default configuration classes for test class [br.com.diogenes.maxclubcard.entrypoint.api.v1.card.impl.CardControllerImplIntegrationTest]: CardControllerImplIntegrationTest does not declare any static, non-private, non-final, nested classes annotated with @Configuration.
2024-07-09T00:29:00.325-03:00  INFO 79319 --- [maxclubcard] [    Test worker] .b.t.c.SpringBootTestContextBootstrapper : Found @SpringBootConfiguration br.com.diogenes.maxclubcard.MaxclubcardApplication for test class br.com.diogenes.maxclubcard.entrypoint.api.v1.card.impl.CardControllerImplIntegrationTest

  .   ____          _            __ _ _
 /\\ / ___'_ __ _ _(_)_ __  __ _ \ \ \ \
( ( )\___ | '_ | '_| | '_ \/ _` | \ \ \ \
 \\/  ___)| |_)| | | | | || (_| |  ) ) ) )
  '  |____| .__|_| |_|_| |_\__, | / / / /
 =========|_|==============|___/=/_/_/_/

 :: Spring Boot ::                (v3.3.1)

2024-07-09T00:29:00.348-03:00  INFO 79319 --- [maxclubcard] [    Test worker] .v.c.i.CardControllerImplIntegrationTest : Starting CardControllerImplIntegrationTest using Java 21.0.3 with PID 79319 (started by diogenesrabelo in /Users/diogenesrabelo/Documents/maxclub/maxclubcard)
2024-07-09T00:29:00.348-03:00  INFO 79319 --- [maxclubcard] [    Test worker] .v.c.i.CardControllerImplIntegrationTest : No active profile set, falling back to 1 default profile: "default"
2024-07-09T00:29:00.632-03:00  INFO 79319 --- [maxclubcard] [    Test worker] .s.d.r.c.RepositoryConfigurationDelegate : Bootstrapping Spring Data JPA repositories in DEFAULT mode.
2024-07-09T00:29:00.682-03:00  INFO 79319 --- [maxclubcard] [    Test worker] .s.d.r.c.RepositoryConfigurationDelegate : Finished Spring Data repository scanning in 49 ms. Found 4 JPA repository interfaces.
2024-07-09T00:29:00.921-03:00  INFO 79319 --- [maxclubcard] [    Test worker] o.hibernate.jpa.internal.util.LogHelper  : HHH000204: Processing PersistenceUnitInfo [name: default]
2024-07-09T00:29:00.926-03:00  INFO 79319 --- [maxclubcard] [    Test worker] o.h.c.internal.RegionFactoryInitiator    : HHH000026: Second-level cache disabled
2024-07-09T00:29:00.943-03:00  INFO 79319 --- [maxclubcard] [    Test worker] o.s.o.j.p.SpringPersistenceUnitInfo      : No LoadTimeWeaver setup: ignoring JPA class transformer
2024-07-09T00:29:00.944-03:00  INFO 79319 --- [maxclubcard] [    Test worker] com.zaxxer.hikari.HikariDataSource       : HikariPool-2 - Starting...
2024-07-09T00:29:00.946-03:00  INFO 79319 --- [maxclubcard] [    Test worker] com.zaxxer.hikari.pool.HikariPool        : HikariPool-2 - Added connection conn16: url=jdbc:h2:mem:maxclubcard user=SA
2024-07-09T00:29:00.947-03:00  INFO 79319 --- [maxclubcard] [    Test worker] com.zaxxer.hikari.HikariDataSource       : HikariPool-2 - Start completed.
2024-07-09T00:29:00.947-03:00  WARN 79319 --- [maxclubcard] [    Test worker] org.hibernate.orm.deprecation            : HHH90000025: H2Dialect does not need to be specified explicitly using 'hibernate.dialect' (remove the property setting and it will be selected by default)
2024-07-09T00:29:01.043-03:00  INFO 79319 --- [maxclubcard] [    Test worker] o.h.e.t.j.p.i.JtaPlatformInitiator       : HHH000489: No JTA platform available (set 'hibernate.transaction.jta.platform' to enable JTA platform integration)
2024-07-09T00:29:01.061-03:00  INFO 79319 --- [maxclubcard] [    Test worker] j.LocalContainerEntityManagerFactoryBean : Initialized JPA EntityManagerFactory for persistence unit 'default'
2024-07-09T00:29:01.311-03:00  WARN 79319 --- [maxclubcard] [    Test worker] JpaBaseConfiguration$JpaWebConfiguration : spring.jpa.open-in-view is enabled by default. Therefore, database queries may be performed during view rendering. Explicitly configure spring.jpa.open-in-view to disable this warning
2024-07-09T00:29:01.508-03:00  INFO 79319 --- [maxclubcard] [    Test worker] o.s.b.t.m.w.SpringBootMockServletContext : Initializing Spring TestDispatcherServlet ''
2024-07-09T00:29:01.508-03:00  INFO 79319 --- [maxclubcard] [    Test worker] o.s.t.web.servlet.TestDispatcherServlet  : Initializing Servlet ''
2024-07-09T00:29:01.511-03:00  INFO 79319 --- [maxclubcard] [    Test worker] o.s.t.web.servlet.TestDispatcherServlet  : Completed initialization in 1 ms
2024-07-09T00:29:01.532-03:00  INFO 79319 --- [maxclubcard] [    Test worker] .v.c.i.CardControllerImplIntegrationTest : Started CardControllerImplIntegrationTest in 1.202 seconds (process running for 9.484)
]]></system-out>
  <system-err><![CDATA[]]></system-err>
</testsuite>
