<?xml version="1.0" encoding="UTF-8"?>
<testsuite name="br.com.diogenes.maxclubcard.entrypoint.api.v1.client.impl.ClientControllerImplIntegrationTest" tests="1" skipped="0" failures="0" errors="0" timestamp="2024-07-09T03:29:02" hostname="PPM-JAMF-10280" time="0.022">
  <properties/>
  <testcase name="testRegisterClient()" classname="br.com.diogenes.maxclubcard.entrypoint.api.v1.client.impl.ClientControllerImplIntegrationTest" time="0.022"/>
  <system-out><![CDATA[2024-07-09T00:29:01.761-03:00  INFO 79319 --- [maxclubcard] [    Test worker] t.c.s.AnnotationConfigContextLoaderUtils : Could not detect default configuration classes for test class [br.com.diogenes.maxclubcard.entrypoint.api.v1.client.impl.ClientControllerImplIntegrationTest]: ClientControllerImplIntegrationTest does not declare any static, non-private, non-final, nested classes annotated with @Configuration.
2024-07-09T00:29:01.833-03:00  INFO 79319 --- [maxclubcard] [    Test worker] .b.t.c.SpringBootTestContextBootstrapper : Found @SpringBootConfiguration br.com.diogenes.maxclubcard.MaxclubcardApplication for test class br.com.diogenes.maxclubcard.entrypoint.api.v1.client.impl.ClientControllerImplIntegrationTest

  .   ____          _            __ _ _
 /\\ / ___'_ __ _ _(_)_ __  __ _ \ \ \ \
( ( )\___ | '_ | '_| | '_ \/ _` | \ \ \ \
 \\/  ___)| |_)| | | | | || (_| |  ) ) ) )
  '  |____| .__|_| |_|_| |_\__, | / / / /
 =========|_|==============|___/=/_/_/_/

 :: Spring Boot ::                (v3.3.1)

2024-07-09T00:29:01.872-03:00  INFO 79319 --- [maxclubcard] [    Test worker] .c.i.ClientControllerImplIntegrationTest : Starting ClientControllerImplIntegrationTest using Java 21.0.3 with PID 79319 (started by diogenesrabelo in /Users/diogenesrabelo/Documents/maxclub/maxclubcard)
2024-07-09T00:29:01.873-03:00  INFO 79319 --- [maxclubcard] [    Test worker] .c.i.ClientControllerImplIntegrationTest : No active profile set, falling back to 1 default profile: "default"
2024-07-09T00:29:02.213-03:00  INFO 79319 --- [maxclubcard] [    Test worker] .s.d.r.c.RepositoryConfigurationDelegate : Bootstrapping Spring Data JPA repositories in DEFAULT mode.
2024-07-09T00:29:02.266-03:00  INFO 79319 --- [maxclubcard] [    Test worker] .s.d.r.c.RepositoryConfigurationDelegate : Finished Spring Data repository scanning in 52 ms. Found 4 JPA repository interfaces.
2024-07-09T00:29:02.428-03:00  INFO 79319 --- [maxclubcard] [    Test worker] o.hibernate.jpa.internal.util.LogHelper  : HHH000204: Processing PersistenceUnitInfo [name: default]
2024-07-09T00:29:02.431-03:00  INFO 79319 --- [maxclubcard] [    Test worker] o.h.c.internal.RegionFactoryInitiator    : HHH000026: Second-level cache disabled
2024-07-09T00:29:02.439-03:00  INFO 79319 --- [maxclubcard] [    Test worker] o.s.o.j.p.SpringPersistenceUnitInfo      : No LoadTimeWeaver setup: ignoring JPA class transformer
2024-07-09T00:29:02.440-03:00  INFO 79319 --- [maxclubcard] [    Test worker] com.zaxxer.hikari.HikariDataSource       : HikariPool-3 - Starting...
2024-07-09T00:29:02.441-03:00  INFO 79319 --- [maxclubcard] [    Test worker] com.zaxxer.hikari.pool.HikariPool        : HikariPool-3 - Added connection conn26: url=jdbc:h2:mem:maxclubcard user=SA
2024-07-09T00:29:02.441-03:00  INFO 79319 --- [maxclubcard] [    Test worker] com.zaxxer.hikari.HikariDataSource       : HikariPool-3 - Start completed.
2024-07-09T00:29:02.441-03:00  WARN 79319 --- [maxclubcard] [    Test worker] org.hibernate.orm.deprecation            : HHH90000025: H2Dialect does not need to be specified explicitly using 'hibernate.dialect' (remove the property setting and it will be selected by default)
2024-07-09T00:29:02.530-03:00  INFO 79319 --- [maxclubcard] [    Test worker] o.h.e.t.j.p.i.JtaPlatformInitiator       : HHH000489: No JTA platform available (set 'hibernate.transaction.jta.platform' to enable JTA platform integration)
2024-07-09T00:29:02.533-03:00  INFO 79319 --- [maxclubcard] [    Test worker] j.LocalContainerEntityManagerFactoryBean : Initialized JPA EntityManagerFactory for persistence unit 'default'
2024-07-09T00:29:02.720-03:00  WARN 79319 --- [maxclubcard] [    Test worker] JpaBaseConfiguration$JpaWebConfiguration : spring.jpa.open-in-view is enabled by default. Therefore, database queries may be performed during view rendering. Explicitly configure spring.jpa.open-in-view to disable this warning
2024-07-09T00:29:02.935-03:00  INFO 79319 --- [maxclubcard] [    Test worker] o.s.b.t.m.w.SpringBootMockServletContext : Initializing Spring TestDispatcherServlet ''
2024-07-09T00:29:02.935-03:00  INFO 79319 --- [maxclubcard] [    Test worker] o.s.t.web.servlet.TestDispatcherServlet  : Initializing Servlet ''
2024-07-09T00:29:02.936-03:00  INFO 79319 --- [maxclubcard] [    Test worker] o.s.t.web.servlet.TestDispatcherServlet  : Completed initialization in 1 ms
2024-07-09T00:29:02.963-03:00  INFO 79319 --- [maxclubcard] [    Test worker] .c.i.ClientControllerImplIntegrationTest : Started ClientControllerImplIntegrationTest in 1.124 seconds (process running for 10.915)
]]></system-out>
  <system-err><![CDATA[]]></system-err>
</testsuite>
