<?xml version="1.0" encoding="UTF-8"?>
<testsuite name="br.com.diogenes.maxclubcard.dataprovider.client.repository.ClientRepositoryTest" tests="1" skipped="0" failures="0" errors="0" timestamp="2024-07-09T03:28:59" hostname="PPM-JAMF-10280" time="0.015">
  <properties/>
  <testcase name="testSaveAndFindByDocument()" classname="br.com.diogenes.maxclubcard.dataprovider.client.repository.ClientRepositoryTest" time="0.015"/>
  <system-out><![CDATA[2024-07-09T00:28:59.868-03:00  INFO 79319 --- [maxclubcard] [    Test worker] t.c.s.AnnotationConfigContextLoaderUtils : Could not detect default configuration classes for test class [br.com.diogenes.maxclubcard.dataprovider.client.repository.ClientRepositoryTest]: ClientRepositoryTest does not declare any static, non-private, non-final, nested classes annotated with @Configuration.
2024-07-09T00:28:59.918-03:00  INFO 79319 --- [maxclubcard] [    Test worker] .b.t.c.SpringBootTestContextBootstrapper : Found @SpringBootConfiguration br.com.diogenes.maxclubcard.MaxclubcardApplication for test class br.com.diogenes.maxclubcard.dataprovider.client.repository.ClientRepositoryTest
2024-07-09T00:28:59.925-03:00 DEBUG 79319 --- [maxclubcard] [    Test worker] org.hibernate.SQL                        : select ce1_0.id,ce1_0.birth,ce1_0.document,ce1_0.email,ce1_0.gender,ce1_0.name,ce1_0.phone_number from client ce1_0 where ce1_0.id=?
Hibernate: select ce1_0.id,ce1_0.birth,ce1_0.document,ce1_0.email,ce1_0.gender,ce1_0.name,ce1_0.phone_number from client ce1_0 where ce1_0.id=?
2024-07-09T00:28:59.927-03:00 DEBUG 79319 --- [maxclubcard] [    Test worker] org.hibernate.SQL                        : insert into client (birth,document,email,gender,name,phone_number,id) values (?,?,?,?,?,?,default)
Hibernate: insert into client (birth,document,email,gender,name,phone_number,id) values (?,?,?,?,?,?,default)
2024-07-09T00:28:59.932-03:00 DEBUG 79319 --- [maxclubcard] [    Test worker] org.hibernate.SQL                        : select ce1_0.id,ce1_0.birth,ce1_0.document,ce1_0.email,ce1_0.gender,ce1_0.name,ce1_0.phone_number from client ce1_0 where ce1_0.document=?
Hibernate: select ce1_0.id,ce1_0.birth,ce1_0.document,ce1_0.email,ce1_0.gender,ce1_0.name,ce1_0.phone_number from client ce1_0 where ce1_0.document=?
]]></system-out>
  <system-err><![CDATA[]]></system-err>
</testsuite>
