<?xml version="1.0" encoding="UTF-8"?>
<testsuite name="br.com.diogenes.maxclubcard.entrypoint.api.v1.card.facade.CardFacadeTest" tests="1" skipped="0" failures="0" errors="0" timestamp="2024-07-09T03:29:00" hostname="PPM-JAMF-10280" time="0.047">
  <properties/>
  <testcase name="shouldCallRegisterCardInUseCaseWhenRegisterCardIsCalled()" classname="br.com.diogenes.maxclubcard.entrypoint.api.v1.card.facade.CardFacadeTest" time="0.047"/>
  <system-out><![CDATA[]]></system-out>
  <system-err><![CDATA[]]></system-err>
</testsuite>
