<?xml version="1.0" encoding="UTF-8"?>
<testsuite name="br.com.diogenes.maxclubcard.entrypoint.procuder.impl.ProducerServiceImplTest" tests="1" skipped="0" failures="0" errors="0" timestamp="2024-07-09T03:29:08" hostname="PPM-JAMF-10280" time="0.143">
  <properties/>
  <testcase name="shouldCallSendInKafkaTemplateWhenSendIsCalled()" classname="br.com.diogenes.maxclubcard.entrypoint.procuder.impl.ProducerServiceImplTest" time="0.143"/>
  <system-out><![CDATA[2024-07-09T00:29:08.325-03:00  INFO 79319 --- [maxclubcard] [    Test worker] b.c.d.m.e.p.impl.ProducerServiceImpl     : M=send, message=Mensagem enviada para o topico: 'java.lang.Object@6d5a8e08'
]]></system-out>
  <system-err><![CDATA[]]></system-err>
</testsuite>
