<?xml version="1.0" encoding="UTF-8"?>
<testsuite name="br.com.diogenes.maxclubcard.dataprovider.card.repository.CardRepositoryIntegrationTest" tests="2" skipped="0" failures="0" errors="0" timestamp="2024-07-09T03:28:59" hostname="PPM-JAMF-10280" time="0.187">
  <properties/>
  <testcase name="testFindByCardNumberNotFound()" classname="br.com.diogenes.maxclubcard.dataprovider.card.repository.CardRepositoryIntegrationTest" time="0.136"/>
  <testcase name="testSaveAndFindByCardNumber()" classname="br.com.diogenes.maxclubcard.dataprovider.card.repository.CardRepositoryIntegrationTest" time="0.05"/>
  <system-out><![CDATA[2024-07-09T00:28:57.599-03:00  INFO 79319 --- [maxclubcard] [    Test worker] t.c.s.AnnotationConfigContextLoaderUtils : Could not detect default configuration classes for test class [br.com.diogenes.maxclubcard.dataprovider.card.repository.CardRepositoryIntegrationTest]: CardRepositoryIntegrationTest does not declare any static, non-private, non-final, nested classes annotated with @Configuration.
2024-07-09T00:28:57.659-03:00  INFO 79319 --- [maxclubcard] [    Test worker] .b.t.c.SpringBootTestContextBootstrapper : Found @SpringBootConfiguration br.com.diogenes.maxclubcard.MaxclubcardApplication for test class br.com.diogenes.maxclubcard.dataprovider.card.repository.CardRepositoryIntegrationTest

  .   ____          _            __ _ _
 /\\ / ___'_ __ _ _(_)_ __  __ _ \ \ \ \
( ( )\___ | '_ | '_| | '_ \/ _` | \ \ \ \
 \\/  ___)| |_)| | | | | || (_| |  ) ) ) )
  '  |____| .__|_| |_|_| |_\__, | / / / /
 =========|_|==============|___/=/_/_/_/

 :: Spring Boot ::                (v3.3.1)

2024-07-09T00:28:57.712-03:00  INFO 79319 --- [maxclubcard] [    Test worker] .d.m.d.c.r.CardRepositoryIntegrationTest : Starting CardRepositoryIntegrationTest using Java 21.0.3 with PID 79319 (started by diogenesrabelo in /Users/diogenesrabelo/Documents/maxclub/maxclubcard)
2024-07-09T00:28:57.712-03:00  INFO 79319 --- [maxclubcard] [    Test worker] .d.m.d.c.r.CardRepositoryIntegrationTest : No active profile set, falling back to 1 default profile: "default"
2024-07-09T00:28:58.230-03:00  INFO 79319 --- [maxclubcard] [    Test worker] .s.d.r.c.RepositoryConfigurationDelegate : Bootstrapping Spring Data JPA repositories in DEFAULT mode.
2024-07-09T00:28:58.281-03:00  INFO 79319 --- [maxclubcard] [    Test worker] .s.d.r.c.RepositoryConfigurationDelegate : Finished Spring Data repository scanning in 50 ms. Found 4 JPA repository interfaces.
2024-07-09T00:28:58.505-03:00  INFO 79319 --- [maxclubcard] [    Test worker] o.hibernate.jpa.internal.util.LogHelper  : HHH000204: Processing PersistenceUnitInfo [name: default]
2024-07-09T00:28:58.508-03:00  INFO 79319 --- [maxclubcard] [    Test worker] o.h.c.internal.RegionFactoryInitiator    : HHH000026: Second-level cache disabled
2024-07-09T00:28:58.518-03:00  INFO 79319 --- [maxclubcard] [    Test worker] o.s.o.j.p.SpringPersistenceUnitInfo      : No LoadTimeWeaver setup: ignoring JPA class transformer
2024-07-09T00:28:58.519-03:00  INFO 79319 --- [maxclubcard] [    Test worker] com.zaxxer.hikari.HikariDataSource       : HikariPool-1 - Starting...
2024-07-09T00:28:58.536-03:00  INFO 79319 --- [maxclubcard] [    Test worker] com.zaxxer.hikari.pool.HikariPool        : HikariPool-1 - Added connection conn4: url=jdbc:h2:mem:maxclubcard user=SA
2024-07-09T00:28:58.537-03:00  INFO 79319 --- [maxclubcard] [    Test worker] com.zaxxer.hikari.HikariDataSource       : HikariPool-1 - Start completed.
2024-07-09T00:28:58.542-03:00  WARN 79319 --- [maxclubcard] [    Test worker] org.hibernate.orm.deprecation            : HHH90000025: H2Dialect does not need to be specified explicitly using 'hibernate.dialect' (remove the property setting and it will be selected by default)
2024-07-09T00:28:58.624-03:00  INFO 79319 --- [maxclubcard] [    Test worker] o.h.e.t.j.p.i.JtaPlatformInitiator       : HHH000489: No JTA platform available (set 'hibernate.transaction.jta.platform' to enable JTA platform integration)
2024-07-09T00:28:58.631-03:00 DEBUG 79319 --- [maxclubcard] [    Test worker] org.hibernate.SQL                        : create table card (id bigint generated by default as identity, brand_card varchar(50) not null, card_number varchar(20) not null, expiration_date varchar(5) not null, type_card varchar(50) not null, id_client bigint not null, primary key (id))
Hibernate: create table card (id bigint generated by default as identity, brand_card varchar(50) not null, card_number varchar(20) not null, expiration_date varchar(5) not null, type_card varchar(50) not null, id_client bigint not null, primary key (id))
2024-07-09T00:28:58.633-03:00 DEBUG 79319 --- [maxclubcard] [    Test worker] org.hibernate.SQL                        : create table client (id bigint generated by default as identity, birth date not null, document varchar(20) not null, email varchar(100) not null, gender varchar(10) not null, name varchar(100) not null, phone_number varchar(20) not null, primary key (id))
Hibernate: create table client (id bigint generated by default as identity, birth date not null, document varchar(20) not null, email varchar(100) not null, gender varchar(10) not null, name varchar(100) not null, phone_number varchar(20) not null, primary key (id))
2024-07-09T00:28:58.635-03:00 DEBUG 79319 --- [maxclubcard] [    Test worker] org.hibernate.SQL                        : create table lucky_number (id bigint generated by default as identity, is_valid boolean default true not null, lucky_number varchar(36) not null, id_transaction bigint not null, primary key (id))
Hibernate: create table lucky_number (id bigint generated by default as identity, is_valid boolean default true not null, lucky_number varchar(36) not null, id_transaction bigint not null, primary key (id))
2024-07-09T00:28:58.637-03:00 DEBUG 79319 --- [maxclubcard] [    Test worker] org.hibernate.SQL                        : create table transaction (id bigint generated by default as identity, transaction_date timestamp(6) not null, transaction_number varchar(50) not null, transaction_value numeric(19,4) not null, id_card bigint not null, primary key (id))
Hibernate: create table transaction (id bigint generated by default as identity, transaction_date timestamp(6) not null, transaction_number varchar(50) not null, transaction_value numeric(19,4) not null, id_card bigint not null, primary key (id))
2024-07-09T00:28:58.638-03:00 DEBUG 79319 --- [maxclubcard] [    Test worker] org.hibernate.SQL                        : alter table if exists card drop constraint if exists UKby1nk98m2hq5onhl68bo09sc1
Hibernate: alter table if exists card drop constraint if exists UKby1nk98m2hq5onhl68bo09sc1
2024-07-09T00:28:58.639-03:00 DEBUG 79319 --- [maxclubcard] [    Test worker] org.hibernate.SQL                        : alter table if exists card add constraint UKby1nk98m2hq5onhl68bo09sc1 unique (card_number)
Hibernate: alter table if exists card add constraint UKby1nk98m2hq5onhl68bo09sc1 unique (card_number)
2024-07-09T00:28:58.640-03:00 DEBUG 79319 --- [maxclubcard] [    Test worker] org.hibernate.SQL                        : alter table if exists client drop constraint if exists UK90ans9v7nohqmaorc4wg4tmvv
Hibernate: alter table if exists client drop constraint if exists UK90ans9v7nohqmaorc4wg4tmvv
2024-07-09T00:28:58.640-03:00 DEBUG 79319 --- [maxclubcard] [    Test worker] org.hibernate.SQL                        : alter table if exists client add constraint UK90ans9v7nohqmaorc4wg4tmvv unique (document)
Hibernate: alter table if exists client add constraint UK90ans9v7nohqmaorc4wg4tmvv unique (document)
2024-07-09T00:28:58.641-03:00 DEBUG 79319 --- [maxclubcard] [    Test worker] org.hibernate.SQL                        : alter table if exists lucky_number drop constraint if exists UKau8mckqx7f7ugmupsq7wegq5i
Hibernate: alter table if exists lucky_number drop constraint if exists UKau8mckqx7f7ugmupsq7wegq5i
2024-07-09T00:28:58.642-03:00 DEBUG 79319 --- [maxclubcard] [    Test worker] org.hibernate.SQL                        : alter table if exists lucky_number add constraint UKau8mckqx7f7ugmupsq7wegq5i unique (lucky_number)
Hibernate: alter table if exists lucky_number add constraint UKau8mckqx7f7ugmupsq7wegq5i unique (lucky_number)
2024-07-09T00:28:58.642-03:00 DEBUG 79319 --- [maxclubcard] [    Test worker] org.hibernate.SQL                        : alter table if exists card add constraint FKeft3x99s70wdfpy52nc19j134 foreign key (id_client) references client
Hibernate: alter table if exists card add constraint FKeft3x99s70wdfpy52nc19j134 foreign key (id_client) references client
2024-07-09T00:28:58.644-03:00 DEBUG 79319 --- [maxclubcard] [    Test worker] org.hibernate.SQL                        : alter table if exists lucky_number add constraint FKol5xendjnbc5cyc76chhe5bt0 foreign key (id_transaction) references transaction
Hibernate: alter table if exists lucky_number add constraint FKol5xendjnbc5cyc76chhe5bt0 foreign key (id_transaction) references transaction
2024-07-09T00:28:58.646-03:00 DEBUG 79319 --- [maxclubcard] [    Test worker] org.hibernate.SQL                        : alter table if exists transaction add constraint FKr0sq2j560yg77lg4pgkp98ld3 foreign key (id_card) references card
Hibernate: alter table if exists transaction add constraint FKr0sq2j560yg77lg4pgkp98ld3 foreign key (id_card) references card
2024-07-09T00:28:58.647-03:00  INFO 79319 --- [maxclubcard] [    Test worker] j.LocalContainerEntityManagerFactoryBean : Initialized JPA EntityManagerFactory for persistence unit 'default'
2024-07-09T00:28:59.135-03:00  WARN 79319 --- [maxclubcard] [    Test worker] JpaBaseConfiguration$JpaWebConfiguration : spring.jpa.open-in-view is enabled by default. Therefore, database queries may be performed during view rendering. Explicitly configure spring.jpa.open-in-view to disable this warning
2024-07-09T00:28:59.588-03:00  INFO 79319 --- [maxclubcard] [    Test worker] .d.m.d.c.r.CardRepositoryIntegrationTest : Started CardRepositoryIntegrationTest in 1.919 seconds (process running for 7.54)
2024-07-09T00:28:59.676-03:00 DEBUG 79319 --- [maxclubcard] [    Test worker] org.hibernate.SQL                        : select ce1_0.id,ce1_0.brand_card,ce1_0.card_number,ce1_0.id_client,ce1_0.expiration_date,ce1_0.type_card from card ce1_0 where ce1_0.card_number=?
Hibernate: select ce1_0.id,ce1_0.brand_card,ce1_0.card_number,ce1_0.id_client,ce1_0.expiration_date,ce1_0.type_card from card ce1_0 where ce1_0.card_number=?
2024-07-09T00:28:59.744-03:00 DEBUG 79319 --- [maxclubcard] [    Test worker] org.hibernate.SQL                        : select ce1_0.id,ce1_0.birth,ce1_0.document,ce1_0.email,ce1_0.gender,ce1_0.name,ce1_0.phone_number from client ce1_0 where ce1_0.id=?
Hibernate: select ce1_0.id,ce1_0.birth,ce1_0.document,ce1_0.email,ce1_0.gender,ce1_0.name,ce1_0.phone_number from client ce1_0 where ce1_0.id=?
2024-07-09T00:28:59.749-03:00 DEBUG 79319 --- [maxclubcard] [    Test worker] org.hibernate.SQL                        : insert into client (birth,document,email,gender,name,phone_number,id) values (?,?,?,?,?,?,default)
Hibernate: insert into client (birth,document,email,gender,name,phone_number,id) values (?,?,?,?,?,?,default)
2024-07-09T00:28:59.761-03:00 DEBUG 79319 --- [maxclubcard] [    Test worker] org.hibernate.SQL                        : select ce1_0.id,ce1_0.brand_card,ce1_0.card_number,ce1_0.id_client,c1_0.id,c1_0.birth,c1_0.document,c1_0.email,c1_0.gender,c1_0.name,c1_0.phone_number,ce1_0.expiration_date,ce1_0.type_card from card ce1_0 join client c1_0 on c1_0.id=ce1_0.id_client where ce1_0.id=?
Hibernate: select ce1_0.id,ce1_0.brand_card,ce1_0.card_number,ce1_0.id_client,c1_0.id,c1_0.birth,c1_0.document,c1_0.email,c1_0.gender,c1_0.name,c1_0.phone_number,ce1_0.expiration_date,ce1_0.type_card from card ce1_0 join client c1_0 on c1_0.id=ce1_0.id_client where ce1_0.id=?
2024-07-09T00:28:59.766-03:00 DEBUG 79319 --- [maxclubcard] [    Test worker] org.hibernate.SQL                        : select ce1_0.id,ce1_0.birth,ce1_0.document,ce1_0.email,ce1_0.gender,ce1_0.name,ce1_0.phone_number from client ce1_0 where ce1_0.id=?
Hibernate: select ce1_0.id,ce1_0.birth,ce1_0.document,ce1_0.email,ce1_0.gender,ce1_0.name,ce1_0.phone_number from client ce1_0 where ce1_0.id=?
2024-07-09T00:28:59.770-03:00 DEBUG 79319 --- [maxclubcard] [    Test worker] org.hibernate.SQL                        : insert into card (brand_card,card_number,id_client,expiration_date,type_card,id) values (?,?,?,?,?,default)
Hibernate: insert into card (brand_card,card_number,id_client,expiration_date,type_card,id) values (?,?,?,?,?,default)
2024-07-09T00:28:59.775-03:00 DEBUG 79319 --- [maxclubcard] [    Test worker] org.hibernate.SQL                        : select ce1_0.id,ce1_0.brand_card,ce1_0.card_number,ce1_0.id_client,ce1_0.expiration_date,ce1_0.type_card from card ce1_0 where ce1_0.card_number=?
Hibernate: select ce1_0.id,ce1_0.brand_card,ce1_0.card_number,ce1_0.id_client,ce1_0.expiration_date,ce1_0.type_card from card ce1_0 where ce1_0.card_number=?
2024-07-09T00:28:59.778-03:00 DEBUG 79319 --- [maxclubcard] [    Test worker] org.hibernate.SQL                        : select ce1_0.id,ce1_0.birth,ce1_0.document,ce1_0.email,ce1_0.gender,ce1_0.name,ce1_0.phone_number from client ce1_0 where ce1_0.id=?
Hibernate: select ce1_0.id,ce1_0.birth,ce1_0.document,ce1_0.email,ce1_0.gender,ce1_0.name,ce1_0.phone_number from client ce1_0 where ce1_0.id=?
]]></system-out>
  <system-err><![CDATA[]]></system-err>
</testsuite>
