<?xml version="1.0" encoding="UTF-8"?>
<testsuite name="br.com.diogenes.maxclubcard.core.usecase.impl.TransactionUseCaseImplTest" tests="2" skipped="0" failures="0" errors="0" timestamp="2024-07-08T22:40:02" hostname="PPM-JAMF-10280" time="1.044">
  <properties/>
  <testcase name="shouldThrowBusinessExceptionWhenCardIsInvalid()" classname="br.com.diogenes.maxclubcard.core.usecase.impl.TransactionUseCaseImplTest" time="1.028"/>
  <testcase name="shouldCallRegisterTransactionInGatewayWhenRegisterTransactionIsCalled()" classname="br.com.diogenes.maxclubcard.core.usecase.impl.TransactionUseCaseImplTest" time="0.013"/>
  <system-out><![CDATA[19:40:03.287 [Test worker] INFO br.com.diogenes.maxclubcard.core.usecase.impl.TransactionUseCaseImpl -- Registering transaction: 1234 2024-07-08T19:40:03.253576
19:40:03.299 [Test worker] ERROR br.com.diogenes.maxclubcard.core.usecase.impl.TransactionUseCaseImpl -- Transaction with card is invalid: 12/23
19:40:03.319 [Test worker] INFO br.com.diogenes.maxclubcard.core.usecase.impl.TransactionUseCaseImpl -- Registering transaction: 1234 2024-07-08T19:40:03.317704
]]></system-out>
  <system-err><![CDATA[WARNING: A Java agent has been loaded dynamically (/Users/diogenesrabelo/.gradle/caches/modules-2/files-2.1/net.bytebuddy/byte-buddy-agent/1.14.17/e3c251a39dc90badaf71c83427ba46840f219d8d/byte-buddy-agent-1.14.17.jar)
WARNING: If a serviceability tool is in use, please run with -XX:+EnableDynamicAgentLoading to hide this warning
WARNING: If a serviceability tool is not in use, please run with -Djdk.instrument.traceUsage for more information
WARNING: Dynamic loading of agents will be disallowed by default in a future release
]]></system-err>
</testsuite>
