<?xml version="1.0" encoding="UTF-8"?>
<testsuite name="br.com.diogenes.maxclubcard.dataprovider.client.ClientGatewayImplTest" tests="3" skipped="0" failures="0" errors="0" timestamp="2024-07-09T03:28:59" hostname="PPM-JAMF-10280" time="0.074">
  <properties/>
  <testcase name="shouldReturnClientOutWhenGetClientIsCalled()" classname="br.com.diogenes.maxclubcard.dataprovider.client.ClientGatewayImplTest" time="0.065"/>
  <testcase name="shouldReturnClientEntityWhenGetClientEntityIsCalled()" classname="br.com.diogenes.maxclubcard.dataprovider.client.ClientGatewayImplTest" time="0.002"/>
  <testcase name="shouldCallRegisterClientInRepositoryWhenRegisterClientIsCalled()" classname="br.com.diogenes.maxclubcard.dataprovider.client.ClientGatewayImplTest" time="0.005"/>
  <system-out><![CDATA[2024-07-09T00:28:59.851-03:00  INFO 79319 --- [maxclubcard] [    Test worker] b.c.d.m.d.client.ClientGatewayImpl       : M=getClient, Start search client by cpf: 1234
2024-07-09T00:28:59.852-03:00  INFO 79319 --- [maxclubcard] [    Test worker] b.c.d.m.d.client.ClientGatewayImpl       : M=getClient, Client found: ClientOut[id=1, name=Joe, email=joe@mail.com, birth=1990-01-01, gender=Masculino, document=1234, phoneNumber=77112234455]
2024-07-09T00:28:59.856-03:00  INFO 79319 --- [maxclubcard] [    Test worker] b.c.d.m.d.client.ClientGatewayImpl       : M=getClientEntity, Start search client by cpf: 1234
2024-07-09T00:28:59.857-03:00  INFO 79319 --- [maxclubcard] [    Test worker] b.c.d.m.d.client.ClientGatewayImpl       : M=getClientEntity, Client found: ClientEntity(id=1, name=Joe, document=1234, birth=1990-01-01, gender=Masculino, email=joe@mail.com, phoneNumber=77112234455)
2024-07-09T00:28:59.860-03:00  INFO 79319 --- [maxclubcard] [    Test worker] b.c.d.m.d.client.ClientGatewayImpl       : M=registerClient, Start register client: Client[name=Joe, document=1234, birth=1990-01-01, gender=Masculino, email=joe@mail.com, phoneNumber=77112234455]
2024-07-09T00:28:59.862-03:00  INFO 79319 --- [maxclubcard] [    Test worker] b.c.d.m.d.client.ClientGatewayImpl       : M=registerClient, Client registered: ClientOut[id=null, name=Joe, email=joe@mail.com, birth=1990-01-01, gender=Masculino, document=1234, phoneNumber=77112234455]
]]></system-out>
  <system-err><![CDATA[]]></system-err>
</testsuite>
